x:\cloud\projects\cp\mclassen\mclassen\x64\release\mclassen.pch
x:\cloud\projects\cp\mclassen\mclassen\x64\release\vc140.pdb
x:\cloud\projects\cp\mclassen\mclassen\x64\release\stdafx.obj
x:\cloud\projects\cp\mclassen\mclassen\x64\release\stack.obj
x:\cloud\projects\cp\mclassen\mclassen\x64\release\source.obj
x:\cloud\projects\cp\mclassen\mclassen\x64\release\queue.obj
x:\cloud\projects\cp\mclassen\mclassen\x64\release\deque.obj
x:\cloud\projects\cp\mclassen\mclassen\x64\release\clist.obj
x:\cloud\projects\cp\mclassen\mclassen\x64\release\cinemascope.obj
x:\cloud\projects\cp\mclassen\x64\release\mclassen.pdb
x:\cloud\projects\cp\mclassen\mclassen\x64\release\mclassen.tlog\cl.command.1.tlog
x:\cloud\projects\cp\mclassen\mclassen\x64\release\mclassen.tlog\cl.read.1.tlog
x:\cloud\projects\cp\mclassen\mclassen\x64\release\mclassen.tlog\cl.write.1.tlog
x:\cloud\projects\cp\mclassen\mclassen\x64\release\mclassen.tlog\link-cvtres.read.1.tlog
x:\cloud\projects\cp\mclassen\mclassen\x64\release\mclassen.tlog\link-cvtres.write.1.tlog
x:\cloud\projects\cp\mclassen\mclassen\x64\release\mclassen.tlog\link-rc.read.1.tlog
x:\cloud\projects\cp\mclassen\mclassen\x64\release\mclassen.tlog\link-rc.write.1.tlog
x:\cloud\projects\cp\mclassen\mclassen\x64\release\mclassen.tlog\link.command.1.tlog
x:\cloud\projects\cp\mclassen\mclassen\x64\release\mclassen.tlog\link.read.1.tlog
x:\cloud\projects\cp\mclassen\mclassen\x64\release\mclassen.tlog\link.write.1.tlog
